[2020-01-18T16:07:45.030] [DEBUG] cheese - login => username:zs,password:123456
[2020-01-18T16:07:45.032] [DEBUG] cheese - zs
[2020-01-18T16:07:45.061] [DEBUG] cheese - null
[2020-01-18T16:07:45.062] [DEBUG] cheese - null
[2020-01-18T16:07:50.627] [DEBUG] cheese - login => username:admin,password:123456
[2020-01-18T16:07:50.627] [DEBUG] cheese - admin
[2020-01-18T16:07:50.635] [DEBUG] cheese - null
[2020-01-18T16:07:50.635] [DEBUG] cheese - null
[2020-01-19T15:32:00.436] [DEBUG] cheese - login => username:123,password:123
[2020-01-19T15:32:00.438] [DEBUG] cheese - 123
[2020-01-19T15:32:00.465] [DEBUG] cheese - null
[2020-01-19T15:32:00.465] [DEBUG] cheese - null
[2020-01-19T15:32:26.549] [DEBUG] cheese - login => username:123,password:123
[2020-01-19T15:32:26.549] [DEBUG] cheese - 123
[2020-01-19T15:32:26.554] [DEBUG] cheese - null
[2020-01-19T15:32:26.554] [DEBUG] cheese - null
[2020-01-19T15:32:47.891] [DEBUG] cheese - login => username:admin,password:root
[2020-01-19T15:32:47.891] [DEBUG] cheese - admin
[2020-01-19T15:32:47.899] [DEBUG] cheese - null
[2020-01-19T15:32:47.899] [DEBUG] cheese - null
[2020-01-19T15:32:59.681] [DEBUG] cheese - login => username:admin,password:root
[2020-01-19T15:32:59.682] [DEBUG] cheese - admin
[2020-01-19T15:32:59.688] [DEBUG] cheese - null
[2020-01-19T15:32:59.688] [DEBUG] cheese - null
[2020-01-19T15:33:53.318] [DEBUG] cheese - login => username:123,password:123
[2020-01-19T15:33:53.318] [DEBUG] cheese - 123
[2020-01-19T15:33:53.324] [DEBUG] cheese - null
[2020-01-19T15:33:53.324] [DEBUG] cheese - null
[2020-01-19T15:34:12.263] [DEBUG] cheese - login => username:123,password:123
[2020-01-19T15:34:12.263] [DEBUG] cheese - 123
[2020-01-19T15:34:12.271] [DEBUG] cheese - null
[2020-01-19T15:34:12.271] [DEBUG] cheese - null
[2020-01-19T15:35:05.317] [DEBUG] cheese - login => username:admin,password:123456
[2020-01-19T15:35:05.317] [DEBUG] cheese - admin
[2020-01-19T15:35:05.321] [DEBUG] cheese - null
[2020-01-19T15:35:05.322] [DEBUG] cheese - null
[2020-01-19T21:51:08.050] [DEBUG] cheese - login => username:123,password:123
[2020-01-19T21:51:08.053] [DEBUG] cheese - 123
[2020-01-19T21:51:08.093] [DEBUG] cheese - null
[2020-01-19T21:51:08.094] [DEBUG] cheese - null
[2020-01-19T21:51:14.135] [DEBUG] cheese - login => username:admin,password:123456
[2020-01-19T21:51:14.135] [DEBUG] cheese - admin
[2020-01-19T21:51:14.146] [DEBUG] cheese - null
[2020-01-19T21:51:14.147] [DEBUG] cheese - null
[2020-01-19T21:51:40.605] [DEBUG] cheese - login => username:admin,password:123456
[2020-01-19T21:51:40.605] [DEBUG] cheese - admin
[2020-01-19T21:51:40.611] [DEBUG] cheese - null
[2020-01-19T21:51:40.611] [DEBUG] cheese - null
[2020-01-19T21:51:40.805] [DEBUG] cheese - login => username:admin,password:123456
[2020-01-19T21:51:40.806] [DEBUG] cheese - admin
[2020-01-19T21:51:40.813] [DEBUG] cheese - null
[2020-01-19T21:51:40.814] [DEBUG] cheese - null
[2020-01-19T21:51:40.952] [DEBUG] cheese - login => username:admin,password:123456
[2020-01-19T21:51:40.952] [DEBUG] cheese - admin
[2020-01-19T21:51:40.960] [DEBUG] cheese - null
[2020-01-19T21:51:40.960] [DEBUG] cheese - null
[2020-01-19T21:51:41.041] [DEBUG] cheese - login => username:admin,password:123456
[2020-01-19T21:51:41.041] [DEBUG] cheese - admin
[2020-01-19T21:51:41.044] [DEBUG] cheese - null
[2020-01-19T21:51:41.045] [DEBUG] cheese - null
[2020-01-19T21:51:41.158] [DEBUG] cheese - login => username:admin,password:123456
[2020-01-19T21:51:41.159] [DEBUG] cheese - admin
[2020-01-19T21:51:41.165] [DEBUG] cheese - null
[2020-01-19T21:51:41.165] [DEBUG] cheese - null
[2020-01-19T21:56:14.560] [DEBUG] cheese - login => username:admin,password:123456
[2020-01-19T21:56:14.560] [DEBUG] cheese - admin
[2020-01-19T21:56:14.563] [DEBUG] cheese - null
[2020-01-19T21:56:14.563] [DEBUG] cheese - null
[2020-01-19T21:57:59.936] [DEBUG] cheese - login => username:admin,password:123456
[2020-01-19T21:57:59.936] [DEBUG] cheese - admin
[2020-01-19T21:57:59.940] [DEBUG] cheese - null
[2020-01-19T21:57:59.940] [DEBUG] cheese - null
[2020-01-19T21:58:28.981] [DEBUG] cheese - login => username:admin,password:123456
[2020-01-19T21:58:28.982] [DEBUG] cheese - admin
[2020-01-19T21:58:28.985] [DEBUG] cheese - null
[2020-01-19T21:58:28.985] [DEBUG] cheese - null
[2020-01-19T22:05:44.423] [DEBUG] cheese - login => username:admin,password:123456
[2020-01-19T22:05:44.423] [DEBUG] cheese - admin
[2020-01-19T22:05:44.428] [DEBUG] cheese - null
[2020-01-19T22:05:44.428] [DEBUG] cheese - null
[2020-01-19T22:09:49.545] [DEBUG] cheese - login => username:admin,password:123456
[2020-01-19T22:09:49.545] [DEBUG] cheese - admin
[2020-01-19T22:09:49.550] [DEBUG] cheese - null
[2020-01-19T22:09:49.550] [DEBUG] cheese - null
[2020-01-19T22:10:01.285] [DEBUG] cheese - login => username:admin,password:123456
[2020-01-19T22:10:01.285] [DEBUG] cheese - admin
[2020-01-19T22:10:01.288] [DEBUG] cheese - null
[2020-01-19T22:10:01.288] [DEBUG] cheese - null
[2020-01-19T22:34:44.716] [DEBUG] cheese - login => username:admin,password:123456
[2020-01-19T22:34:44.716] [DEBUG] cheese - admin
[2020-01-19T22:34:44.722] [DEBUG] cheese - null
[2020-01-19T22:34:44.723] [DEBUG] cheese - null
[2020-01-19T23:12:19.449] [DEBUG] cheese - login => username:admin,password:123456
[2020-01-19T23:12:19.449] [DEBUG] cheese - admin
[2020-01-19T23:12:19.455] [DEBUG] cheese - null
[2020-01-19T23:12:19.456] [DEBUG] cheese - null
[2020-01-19T23:14:42.263] [DEBUG] cheese - login => username:admin,password:123456
[2020-01-19T23:14:42.263] [DEBUG] cheese - admin
[2020-01-19T23:14:42.266] [DEBUG] cheese - null
[2020-01-19T23:14:42.266] [DEBUG] cheese - null
[2020-01-19T23:20:35.708] [DEBUG] cheese - login => username:admin,password:123456
[2020-01-19T23:20:35.708] [DEBUG] cheese - admin
[2020-01-19T23:20:35.712] [DEBUG] cheese - null
[2020-01-19T23:20:35.712] [DEBUG] cheese - null
[2020-01-20T10:55:49.765] [DEBUG] cheese - login => username:admin,password:123456
[2020-01-20T10:55:49.767] [DEBUG] cheese - admin
[2020-01-20T10:55:49.809] [DEBUG] cheese - null
[2020-01-20T10:55:49.809] [DEBUG] cheese - null
[2020-01-20T10:59:40.365] [DEBUG] cheese - login => username:admin,password:123456
[2020-01-20T10:59:40.365] [DEBUG] cheese - admin
[2020-01-20T10:59:40.374] [DEBUG] cheese - null
[2020-01-20T10:59:40.375] [DEBUG] cheese - null
[2020-01-20T11:01:07.288] [DEBUG] cheese - login => username:admin,password:123456
[2020-01-20T11:01:07.290] [DEBUG] cheese - admin
[2020-01-20T11:01:07.297] [DEBUG] cheese - null
[2020-01-20T11:01:07.297] [DEBUG] cheese - null
[2020-01-20T11:10:31.796] [DEBUG] cheese - login => username:admin,password:123456
[2020-01-20T11:10:31.796] [DEBUG] cheese - admin
[2020-01-20T11:10:31.802] [DEBUG] cheese - null
[2020-01-20T11:10:31.803] [DEBUG] cheese - null
[2020-01-20T11:22:28.768] [DEBUG] cheese - login => username:admin,password:123456
[2020-01-20T11:22:28.768] [DEBUG] cheese - admin
[2020-01-20T11:22:28.774] [DEBUG] cheese - null
[2020-01-20T11:22:28.774] [DEBUG] cheese - null
[2020-01-20T11:22:40.275] [DEBUG] cheese - login => username:admin,password:123456
[2020-01-20T11:22:40.277] [DEBUG] cheese - admin
[2020-01-20T11:22:40.282] [DEBUG] cheese - null
[2020-01-20T11:22:40.282] [DEBUG] cheese - null
[2020-01-20T14:46:08.611] [DEBUG] cheese - login => username:admin,password:123456
[2020-01-20T14:46:08.616] [DEBUG] cheese - admin
[2020-01-20T14:46:08.636] [DEBUG] cheese - null
[2020-01-20T14:46:08.637] [DEBUG] cheese - null
[2020-01-20T22:14:20.902] [DEBUG] cheese - login => username:admin,password:123456
[2020-01-20T22:14:20.904] [DEBUG] cheese - admin
[2020-01-20T22:14:20.917] [DEBUG] cheese - null
[2020-01-20T22:14:20.917] [DEBUG] cheese - null
[2020-01-21T15:40:10.399] [DEBUG] cheese - login => username:admin,password:123456
[2020-01-21T15:40:10.400] [DEBUG] cheese - admin
[2020-01-21T15:40:10.456] [DEBUG] cheese - null
[2020-01-21T15:40:10.456] [DEBUG] cheese - null
[2020-01-22T13:12:12.110] [DEBUG] cheese - login => username:admin,password:123456
[2020-01-22T13:12:12.111] [DEBUG] cheese - admin
[2020-01-22T13:12:12.154] [DEBUG] cheese - null
[2020-01-22T13:12:12.155] [DEBUG] cheese - null
[2020-01-22T15:13:04.355] [DEBUG] cheese - null
[2020-01-22T15:15:31.636] [DEBUG] cheese - login => username:admin,password:123456
[2020-01-22T15:15:31.639] [DEBUG] cheese - admin
[2020-01-22T15:15:31.687] [DEBUG] cheese - null
[2020-01-22T15:15:31.688] [DEBUG] cheese - null
[2020-01-22T15:16:12.473] [DEBUG] cheese - null
[2020-01-22T15:19:39.146] [DEBUG] cheese - null
[2020-01-22T15:19:47.966] [DEBUG] cheese - null
[2020-01-22T15:22:14.343] [DEBUG] cheese - null
[2020-01-22T15:22:41.937] [DEBUG] cheese - null
[2020-01-22T15:23:18.268] [DEBUG] cheese - null
[2020-01-22T15:24:38.266] [DEBUG] cheese - null
[2020-01-22T15:24:49.371] [DEBUG] cheese - null
[2020-01-22T15:25:33.249] [DEBUG] cheese - null
[2020-01-22T15:26:00.939] [DEBUG] cheese - null
[2020-01-22T15:26:28.167] [DEBUG] cheese - null
[2020-01-22T15:26:31.415] [DEBUG] cheese - null
[2020-01-22T15:27:06.053] [DEBUG] cheese - null
[2020-01-22T15:29:58.893] [DEBUG] cheese - null
[2020-01-22T15:30:01.943] [DEBUG] cheese - null
[2020-01-22T15:30:04.042] [DEBUG] cheese - null
[2020-01-22T16:40:29.282] [DEBUG] cheese - login => username:admin,password:123456
[2020-01-22T16:40:29.285] [DEBUG] cheese - admin
[2020-01-22T16:40:29.305] [DEBUG] cheese - null
[2020-01-22T16:40:29.306] [DEBUG] cheese - null
[2020-01-22T16:57:30.332] [DEBUG] cheese - null
[2020-01-22T16:57:31.769] [DEBUG] cheese - null
[2020-01-23T23:54:32.635] [DEBUG] cheese - login => username:admin,password:123456
[2020-01-23T23:54:32.637] [DEBUG] cheese - admin
[2020-01-23T23:54:32.672] [DEBUG] cheese - null
[2020-01-23T23:54:32.673] [DEBUG] cheese - null
[2020-01-23T23:56:36.836] [DEBUG] cheese - login => username:admin,password:123456
[2020-01-23T23:56:36.836] [DEBUG] cheese - admin
[2020-01-23T23:56:36.840] [DEBUG] cheese - null
[2020-01-23T23:56:36.841] [DEBUG] cheese - null
[2020-02-03T20:18:15.755] [DEBUG] cheese - login => username:admin,password:123456
[2020-02-03T20:18:15.757] [DEBUG] cheese - admin
[2020-02-03T20:18:15.785] [DEBUG] cheese - null
[2020-02-03T20:18:15.786] [DEBUG] cheese - null
[2020-02-03T20:18:39.855] [DEBUG] cheese - login => username:admin,password:123456
[2020-02-03T20:18:39.856] [DEBUG] cheese - admin
[2020-02-03T20:18:39.859] [DEBUG] cheese - null
[2020-02-03T20:18:39.859] [DEBUG] cheese - null
[2020-02-03T21:03:17.524] [DEBUG] cheese - login => username:admin,password:123456
[2020-02-03T21:03:17.527] [DEBUG] cheese - admin
[2020-02-03T21:03:17.585] [DEBUG] cheese - null
[2020-02-03T21:03:17.587] [DEBUG] cheese - null
[2020-02-04T00:42:05.189] [DEBUG] cheese - login => username:admin,password:123456
[2020-02-04T00:42:05.191] [DEBUG] cheese - admin
[2020-02-04T00:42:05.234] [DEBUG] cheese - null
[2020-02-04T00:42:05.234] [DEBUG] cheese - null
[2020-02-04T14:06:51.546] [DEBUG] cheese - login => username:admin,password:123456
[2020-02-04T14:06:51.554] [DEBUG] cheese - admin
[2020-02-04T14:06:51.622] [DEBUG] cheese - null
[2020-02-04T14:06:51.626] [DEBUG] cheese - null
[2020-02-04T19:59:06.718] [DEBUG] cheese - login => username:admin,password:123456
[2020-02-04T19:59:06.722] [DEBUG] cheese - admin
[2020-02-04T19:59:06.769] [DEBUG] cheese - null
[2020-02-04T19:59:06.770] [DEBUG] cheese - null
[2020-02-05T02:35:11.459] [DEBUG] cheese - login => username:admin,password:123456
[2020-02-05T02:35:11.461] [DEBUG] cheese - admin
[2020-02-05T02:35:11.469] [DEBUG] cheese - null
[2020-02-05T02:35:11.470] [DEBUG] cheese - null
[2020-02-05T15:53:27.805] [DEBUG] cheese - login => username:admin,password:123456
[2020-02-05T15:53:27.808] [DEBUG] cheese - admin
[2020-02-05T15:53:27.864] [DEBUG] cheese - null
[2020-02-05T15:53:27.865] [DEBUG] cheese - null
[2020-02-05T15:59:28.370] [DEBUG] cheese - login => username:admin,password:123456
[2020-02-05T15:59:28.373] [DEBUG] cheese - admin
[2020-02-05T15:59:28.378] [DEBUG] cheese - null
[2020-02-05T15:59:28.380] [DEBUG] cheese - null
[2020-02-05T16:04:27.185] [DEBUG] cheese - login => username:admin,password:123456
[2020-02-05T16:04:27.185] [DEBUG] cheese - admin
[2020-02-05T16:04:27.190] [DEBUG] cheese - null
[2020-02-05T16:04:27.190] [DEBUG] cheese - null
[2020-02-06T16:07:28.246] [DEBUG] cheese - login => username:admin,password:123456
[2020-02-06T16:07:28.249] [DEBUG] cheese - admin
[2020-02-06T16:07:28.300] [DEBUG] cheese - null
[2020-02-06T16:07:28.300] [DEBUG] cheese - null
[2020-02-06T20:13:10.499] [DEBUG] cheese - login => username:admin,password:123456
[2020-02-06T20:13:10.502] [DEBUG] cheese - admin
[2020-02-06T20:13:10.511] [DEBUG] cheese - null
[2020-02-06T20:13:10.513] [DEBUG] cheese - null
[2020-02-06T20:13:23.665] [DEBUG] cheese - login => username:admin,password:123456
[2020-02-06T20:13:23.665] [DEBUG] cheese - admin
[2020-02-06T20:13:23.670] [DEBUG] cheese - null
[2020-02-06T20:13:23.671] [DEBUG] cheese - null
[2020-02-06T20:13:51.570] [DEBUG] cheese - login => username:admin,password:123456
[2020-02-06T20:13:51.570] [DEBUG] cheese - admin
[2020-02-06T20:13:51.574] [DEBUG] cheese - null
[2020-02-06T20:13:51.574] [DEBUG] cheese - null
[2020-02-06T20:16:00.549] [DEBUG] cheese - login => username:admin,password:123456
[2020-02-06T20:16:00.549] [DEBUG] cheese - admin
[2020-02-06T20:16:00.555] [DEBUG] cheese - null
[2020-02-06T20:16:00.555] [DEBUG] cheese - null
[2020-02-06T20:22:46.137] [DEBUG] cheese - login => username:admin,password:123456
[2020-02-06T20:22:46.138] [DEBUG] cheese - admin
[2020-02-06T20:22:46.143] [DEBUG] cheese - null
[2020-02-06T20:22:46.143] [DEBUG] cheese - null
[2020-02-06T20:22:56.535] [DEBUG] cheese - login => username:admin,password:123456
[2020-02-06T20:22:56.535] [DEBUG] cheese - admin
[2020-02-06T20:22:56.540] [DEBUG] cheese - null
[2020-02-06T20:22:56.540] [DEBUG] cheese - null
[2020-02-06T20:23:31.159] [DEBUG] cheese - login => username:admin,password:123456
[2020-02-06T20:23:31.159] [DEBUG] cheese - admin
[2020-02-06T20:23:31.164] [DEBUG] cheese - null
[2020-02-06T20:23:31.165] [DEBUG] cheese - null
[2020-02-06T20:24:07.659] [DEBUG] cheese - login => username:admin,password:123456
[2020-02-06T20:24:07.659] [DEBUG] cheese - admin
[2020-02-06T20:24:07.666] [DEBUG] cheese - null
[2020-02-06T20:24:07.667] [DEBUG] cheese - null
[2020-02-06T20:35:29.131] [DEBUG] cheese - login => username:admin,password:123456
[2020-02-06T20:35:29.131] [DEBUG] cheese - admin
[2020-02-06T20:35:29.137] [DEBUG] cheese - null
[2020-02-06T20:35:29.137] [DEBUG] cheese - null
[2020-02-06T20:36:13.778] [DEBUG] cheese - login => username:admin,password:123456
[2020-02-06T20:36:13.782] [DEBUG] cheese - admin
[2020-02-06T20:36:13.790] [DEBUG] cheese - null
[2020-02-06T20:36:13.791] [DEBUG] cheese - null
[2020-02-11T15:18:57.521] [DEBUG] cheese - login => username:admin,password:123456
[2020-02-11T15:18:57.522] [DEBUG] cheese - admin
[2020-02-11T15:18:57.554] [DEBUG] cheese - null
[2020-02-11T15:18:57.555] [DEBUG] cheese - null
[2020-02-11T18:27:02.926] [DEBUG] cheese - null
[2020-02-11T18:28:24.959] [DEBUG] cheese - null
[2020-02-12T12:55:57.880] [DEBUG] cheese - login => username:admin,password:123456
[2020-02-12T12:55:57.882] [DEBUG] cheese - admin
[2020-02-12T12:55:57.927] [DEBUG] cheese - null
[2020-02-12T12:55:57.927] [DEBUG] cheese - null
[2020-03-08T17:21:43.342] [DEBUG] cheese - login => username:admin,password:123456
[2020-03-08T17:21:43.343] [DEBUG] cheese - admin
[2020-03-08T17:21:43.371] [DEBUG] cheese - null
[2020-03-08T17:21:43.372] [DEBUG] cheese - null
[2020-03-08T17:40:49.130] [DEBUG] cheese - login => username:admin,password:123456
[2020-03-08T17:40:49.131] [DEBUG] cheese - admin
[2020-03-08T17:40:49.150] [DEBUG] cheese - null
[2020-03-08T17:40:49.150] [DEBUG] cheese - null
[2020-03-15T13:55:40.165] [DEBUG] cheese - login => username:admin,password:123456
[2020-03-15T13:55:40.166] [DEBUG] cheese - admin
[2020-03-15T13:55:40.193] [DEBUG] cheese - null
[2020-03-15T13:55:40.194] [DEBUG] cheese - null
[2020-03-15T14:05:21.846] [DEBUG] cheese - login => username:admin,password:123456
[2020-03-15T14:05:21.850] [DEBUG] cheese - admin
[2020-03-15T14:05:21.857] [DEBUG] cheese - null
[2020-03-15T14:05:21.859] [DEBUG] cheese - null
[2020-03-15T14:12:09.848] [DEBUG] cheese - login => username:admin,password:123456
[2020-03-15T14:12:09.850] [DEBUG] cheese - admin
[2020-03-15T14:12:09.855] [DEBUG] cheese - null
[2020-03-15T14:12:09.856] [DEBUG] cheese - null
